\BOOKMARK [0][-]{chapter.1}{Inleiding}{}% 1
\BOOKMARK [1][-]{section.1.1}{Probleemstelling}{chapter.1}% 2
\BOOKMARK [1][-]{section.1.2}{Doelstellingen}{chapter.1}% 3
\BOOKMARK [1][-]{section.1.3}{Structuur}{chapter.1}% 4
\BOOKMARK [0][-]{chapter.2}{Analyse en realisatie}{}% 5
\BOOKMARK [1][-]{section.2.1}{Aansturing van de motoren}{chapter.2}% 6
\BOOKMARK [1][-]{section.2.2}{Bijsturen aan de hand van sensoren}{chapter.2}% 7
\BOOKMARK [2][-]{subsection.2.2.1}{Analyse}{section.2.2}% 8
\BOOKMARK [2][-]{subsection.2.2.2}{Realisatie}{section.2.2}% 9
\BOOKMARK [1][-]{section.2.3}{Custom board}{chapter.2}% 10
\BOOKMARK [2][-]{subsection.2.3.1}{Analyse}{section.2.3}% 11
\BOOKMARK [2][-]{subsection.2.3.2}{Realisatie}{section.2.3}% 12
\BOOKMARK [1][-]{section.2.4}{Snelheidsmeting}{chapter.2}% 13
\BOOKMARK [2][-]{subsection.2.4.1}{Analyse}{section.2.4}% 14
\BOOKMARK [2][-]{subsection.2.4.2}{Realisatie}{section.2.4}% 15
\BOOKMARK [1][-]{section.2.5}{RFID-reader}{chapter.2}% 16
\BOOKMARK [2][-]{subsection.2.5.1}{Analyse}{section.2.5}% 17
\BOOKMARK [2][-]{subsection.2.5.2}{Realisatie}{section.2.5}% 18
\BOOKMARK [1][-]{section.2.6}{Bluetooth-communicatie}{chapter.2}% 19
\BOOKMARK [2][-]{subsection.2.6.1}{Analyse}{section.2.6}% 20
\BOOKMARK [2][-]{subsection.2.6.2}{Realisatie}{section.2.6}% 21
\BOOKMARK [0][-]{chapter.3}{Evaluatie}{}% 22
\BOOKMARK [0][-]{chapter.4}{Conclusie}{}% 23
