This is pdfTeX, Version 3.14159265-2.6-1.40.18 (MiKTeX 2.9.6600 64-bit) (preloaded format=pdflatex 2018.2.19)  25 APR 2018 23:30
entering extended mode
**./VerslagBachelorProef.tex
(VerslagBachelorProef.tex
LaTeX2e <2017-04-15>
Babel <3.17> and hyphenation patterns for 75 language(s) loaded.
("C:\Program Files\MiKTeX 2.9\tex\latex\base\report.cls"
Document Class: report 2014/09/29 v1.4h Standard LaTeX document class
("C:\Program Files\MiKTeX 2.9\tex\latex\base\size11.clo"
File: size11.clo 2014/09/29 v1.4h Standard LaTeX file (size option)
)
\c@part=\count79
\c@chapter=\count80
\c@section=\count81
\c@subsection=\count82
\c@subsubsection=\count83
\c@paragraph=\count84
\c@subparagraph=\count85
\c@figure=\count86
\c@table=\count87
\abovecaptionskip=\skip41
\belowcaptionskip=\skip42
\bibindent=\dimen102
)
("C:\Program Files\MiKTeX 2.9\tex\latex\geometry\geometry.sty"
Package: geometry 2010/09/12 v5.6 Page Geometry

("C:\Program Files\MiKTeX 2.9\tex\latex\graphics\keyval.sty"
Package: keyval 2014/10/28 v1.15 key=value parser (DPC)
\KV@toks@=\toks14
)
("C:\Program Files\MiKTeX 2.9\tex\generic\oberdiek\ifpdf.sty"
Package: ifpdf 2017/03/15 v3.2 Provides the ifpdf switch
)
("C:\Program Files\MiKTeX 2.9\tex\generic\oberdiek\ifvtex.sty"
Package: ifvtex 2016/05/16 v1.6 Detect VTeX and its facilities (HO)
Package ifvtex Info: VTeX not detected.
)
("C:\Program Files\MiKTeX 2.9\tex\generic\ifxetex\ifxetex.sty"
Package: ifxetex 2010/09/12 v0.6 Provides ifxetex conditional
)
\Gm@cnth=\count88
\Gm@cntv=\count89
\c@Gm@tempcnt=\count90
\Gm@bindingoffset=\dimen103
\Gm@wd@mp=\dimen104
\Gm@odd@mp=\dimen105
\Gm@even@mp=\dimen106
\Gm@layoutwidth=\dimen107
\Gm@layoutheight=\dimen108
\Gm@layouthoffset=\dimen109
\Gm@layoutvoffset=\dimen110
\Gm@dimlist=\toks15

("C:\Program Files\MiKTeX 2.9\tex\latex\geometry\geometry.cfg"))
("C:\Program Files\MiKTeX 2.9\tex\generic\babel\babel.sty"
Package: babel 2018/01/24 3.17 The Babel package

("C:\Program Files\MiKTeX 2.9\tex\generic\babel\switch.def"
File: switch.def 2018/01/24 3.17 Babel switching mechanism
)
*************************************
* Local config file bblopts.cfg used
*
("C:\Program Files\MiKTeX 2.9\tex\latex\arabi\bblopts.cfg"
File: bblopts.cfg 2005/09/08 v0.1 add Arabic and Farsi to "declared" options of
 babel
)
("C:\Program Files\MiKTeX 2.9\tex\latex\babel-dutch\dutch.ldf"
Language: dutch 2005/03/30 v3.8i Dutch support from the babel system

("C:\Program Files\MiKTeX 2.9\tex\generic\babel\babel.def"
File: babel.def 2018/01/24 3.17 Babel common definitions

("C:\Program Files\MiKTeX 2.9\tex\generic\babel\switch.def"
File: switch.def 2018/01/24 3.17 Babel switching mechanism
)
\babel@savecnt=\count91
\U@D=\dimen111

("C:\Program Files\MiKTeX 2.9\tex\generic\babel\txtbabel.def")
\bbl@dirlevel=\count92
)
Package babel Info: Making " an active character on input line 132.
))
("C:\Program Files\MiKTeX 2.9\tex\latex\graphics\graphicx.sty"
Package: graphicx 2017/06/01 v1.1a Enhanced LaTeX Graphics (DPC,SPQR)

("C:\Program Files\MiKTeX 2.9\tex\latex\graphics\graphics.sty"
Package: graphics 2017/06/25 v1.2c Standard LaTeX Graphics (DPC,SPQR)

("C:\Program Files\MiKTeX 2.9\tex\latex\graphics\trig.sty"
Package: trig 2016/01/03 v1.10 sin cos tan (DPC)
)
("C:\Program Files\MiKTeX 2.9\tex\latex\graphics-cfg\graphics.cfg"
File: graphics.cfg 2016/06/04 v1.11 sample graphics configuration
)
Package graphics Info: Driver file: pdftex.def on input line 99.

("C:\Program Files\MiKTeX 2.9\tex\latex\graphics-def\pdftex.def"
File: pdftex.def 2018/01/08 v1.0l Graphics/color driver for pdftex
))
\Gin@req@height=\dimen112
\Gin@req@width=\dimen113
)
("C:\Program Files\MiKTeX 2.9\tex\latex\base\inputenc.sty"
Package: inputenc 2015/03/17 v1.2c Input encoding file
\inpenc@prehook=\toks16
\inpenc@posthook=\toks17

("C:\Program Files\MiKTeX 2.9\tex\latex\base\latin1.def"
File: latin1.def 2015/03/17 v1.2c Input encoding file
))
("C:\Program Files\MiKTeX 2.9\tex\latex\natbib\natbib.sty"
Package: natbib 2010/09/13 8.31b (PWD, AO)
\bibhang=\skip43
\bibsep=\skip44
LaTeX Info: Redefining \cite on input line 694.
\c@NAT@ctr=\count93
)
("C:\Program Files\MiKTeX 2.9\tex\latex\listings\listings.sty"
\lst@mode=\count94
\lst@gtempboxa=\box26
\lst@token=\toks18
\lst@length=\count95
\lst@currlwidth=\dimen114
\lst@column=\count96
\lst@pos=\count97
\lst@lostspace=\dimen115
\lst@width=\dimen116
\lst@newlines=\count98
\lst@lineno=\count99
\lst@maxwidth=\dimen117

("C:\Program Files\MiKTeX 2.9\tex\latex\listings\lstmisc.sty"
File: lstmisc.sty 2015/06/04 1.6 (Carsten Heinz)
\c@lstnumber=\count100
\lst@skipnumbers=\count101
\lst@framebox=\box27
)
("C:\Program Files\MiKTeX 2.9\tex\latex\listings\listings.cfg"
File: listings.cfg 2015/06/04 1.6 listings configuration
))
Package: listings 2015/06/04 1.6 (Carsten Heinz)

("C:\Program Files\MiKTeX 2.9\tex\latex\tools\verbatim.sty"
Package: verbatim 2014/10/28 v1.5q LaTeX2e package for verbatim enhancements
\every@verbatim=\toks19
\verbatim@line=\toks20
\verbatim@in@stream=\read1
)
("C:\Program Files\MiKTeX 2.9\tex\latex\hyperref\hyperref.sty"
Package: hyperref 2018/02/06 v6.86b Hypertext links for LaTeX

("C:\Program Files\MiKTeX 2.9\tex\generic\oberdiek\hobsub-hyperref.sty"
Package: hobsub-hyperref 2016/05/16 v1.14 Bundle oberdiek, subset hyperref (HO)


("C:\Program Files\MiKTeX 2.9\tex\generic\oberdiek\hobsub-generic.sty"
Package: hobsub-generic 2016/05/16 v1.14 Bundle oberdiek, subset generic (HO)
Package: hobsub 2016/05/16 v1.14 Construct package bundles (HO)
Package: infwarerr 2016/05/16 v1.4 Providing info/warning/error messages (HO)
Package: ltxcmds 2016/05/16 v1.23 LaTeX kernel commands for general use (HO)
Package: ifluatex 2016/05/16 v1.4 Provides the ifluatex switch (HO)
Package ifluatex Info: LuaTeX not detected.
Package hobsub Info: Skipping package `ifvtex' (already loaded).
Package: intcalc 2016/05/16 v1.2 Expandable calculations with integers (HO)
Package hobsub Info: Skipping package `ifpdf' (already loaded).
Package: etexcmds 2016/05/16 v1.6 Avoid name clashes with e-TeX commands (HO)
Package etexcmds Info: Could not find \expanded.
(etexcmds)             That can mean that you are not using pdfTeX 1.50 or
(etexcmds)             that some package has redefined \expanded.
(etexcmds)             In the latter case, load this package earlier.
Package: kvsetkeys 2016/05/16 v1.17 Key value parser (HO)
Package: kvdefinekeys 2016/05/16 v1.4 Define keys (HO)
Package: pdftexcmds 2018/01/21 v0.26 Utility functions of pdfTeX for LuaTeX (HO
)
Package pdftexcmds Info: LuaTeX not detected.
Package pdftexcmds Info: \pdf@primitive is available.
Package pdftexcmds Info: \pdf@ifprimitive is available.
Package pdftexcmds Info: \pdfdraftmode found.
Package: pdfescape 2016/05/16 v1.14 Implements pdfTeX's escape features (HO)
Package: bigintcalc 2016/05/16 v1.4 Expandable calculations on big integers (HO
)
Package: bitset 2016/05/16 v1.2 Handle bit-vector datatype (HO)
Package: uniquecounter 2016/05/16 v1.3 Provide unlimited unique counter (HO)
)
Package hobsub Info: Skipping package `hobsub' (already loaded).
Package: letltxmacro 2016/05/16 v1.5 Let assignment for LaTeX macros (HO)
Package: hopatch 2016/05/16 v1.3 Wrapper for package hooks (HO)
Package: xcolor-patch 2016/05/16 xcolor patch
Package: atveryend 2016/05/16 v1.9 Hooks at the very end of document (HO)
Package atveryend Info: \enddocument detected (standard20110627).
Package: atbegshi 2016/06/09 v1.18 At begin shipout hook (HO)
Package: refcount 2016/05/16 v3.5 Data extraction from label references (HO)
Package: hycolor 2016/05/16 v1.8 Color options for hyperref/bookmark (HO)
)
("C:\Program Files\MiKTeX 2.9\tex\latex\oberdiek\auxhook.sty"
Package: auxhook 2016/05/16 v1.4 Hooks for auxiliary files (HO)
)
("C:\Program Files\MiKTeX 2.9\tex\latex\oberdiek\kvoptions.sty"
Package: kvoptions 2016/05/16 v3.12 Key value format for package options (HO)
)
\@linkdim=\dimen118
\Hy@linkcounter=\count102
\Hy@pagecounter=\count103

("C:\Program Files\MiKTeX 2.9\tex\latex\hyperref\pd1enc.def"
File: pd1enc.def 2018/02/06 v6.86b Hyperref: PDFDocEncoding definition (HO)
)
\Hy@SavedSpaceFactor=\count104

("C:\Program Files\MiKTeX 2.9\tex\latex\00miktex\hyperref.cfg"
File: hyperref.cfg 2002/06/06 v1.2 hyperref configuration of TeXLive
)
Package hyperref Info: Hyper figures OFF on input line 4509.
Package hyperref Info: Link nesting OFF on input line 4514.
Package hyperref Info: Hyper index ON on input line 4517.
Package hyperref Info: Plain pages OFF on input line 4524.
Package hyperref Info: Backreferencing OFF on input line 4529.
Package hyperref Info: Implicit mode ON; LaTeX internals redefined.
Package hyperref Info: Bookmarks ON on input line 4762.
\c@Hy@tempcnt=\count105

("C:\Program Files\MiKTeX 2.9\tex\latex\url\url.sty"
\Urlmuskip=\muskip10
Package: url 2013/09/16  ver 3.4  Verb mode for urls, etc.
)
LaTeX Info: Redefining \url on input line 5115.
\XeTeXLinkMargin=\dimen119
\Fld@menulength=\count106
\Field@Width=\dimen120
\Fld@charsize=\dimen121
Package hyperref Info: Hyper figures OFF on input line 6369.
Package hyperref Info: Link nesting OFF on input line 6374.
Package hyperref Info: Hyper index ON on input line 6377.
Package hyperref Info: backreferencing OFF on input line 6384.
Package hyperref Info: Link coloring OFF on input line 6389.
Package hyperref Info: Link coloring with OCG OFF on input line 6394.
Package hyperref Info: PDF/A mode OFF on input line 6399.
LaTeX Info: Redefining \ref on input line 6439.
LaTeX Info: Redefining \pageref on input line 6443.
\Hy@abspage=\count107
\c@Item=\count108
\c@Hfootnote=\count109
)
Package hyperref Info: Driver (autodetected): hpdftex.

("C:\Program Files\MiKTeX 2.9\tex\latex\hyperref\hpdftex.def"
File: hpdftex.def 2018/02/06 v6.86b Hyperref driver for pdfTeX
\Fld@listcount=\count110
\c@bookmark@seq@number=\count111

("C:\Program Files\MiKTeX 2.9\tex\latex\oberdiek\rerunfilecheck.sty"
Package: rerunfilecheck 2016/05/16 v1.8 Rerun checks for auxiliary files (HO)
Package uniquecounter Info: New unique counter `rerunfilecheck' on input line 2
82.
)
\Hy@SectionHShift=\skip45
)
("C:\Program Files\MiKTeX 2.9\tex\latex\caption\caption.sty"
Package: caption 2016/02/21 v3.3-144 Customizing captions (AR)

("C:\Program Files\MiKTeX 2.9\tex\latex\caption\caption3.sty"
Package: caption3 2016/05/22 v1.7-166 caption3 kernel (AR)
Package caption3 Info: TeX engine: e-TeX on input line 67.
\captionmargin=\dimen122
\captionmargin@=\dimen123
\captionwidth=\dimen124
\caption@tempdima=\dimen125
\caption@indent=\dimen126
\caption@parindent=\dimen127
\caption@hangindent=\dimen128
)
\c@ContinuedFloat=\count112
Package caption Info: hyperref package is loaded.
Package caption Info: listings package is loaded.
)
("C:\Program Files\MiKTeX 2.9\tex\latex\pdfpages\pdfpages.sty"
Package: pdfpages 2017/10/31 v0.5l Insert pages of external PDF documents (AM)

("C:\Program Files\MiKTeX 2.9\tex\latex\base\ifthen.sty"
Package: ifthen 2014/09/29 v1.1c Standard LaTeX ifthen package (DPC)
)
("C:\Program Files\MiKTeX 2.9\tex\latex\tools\calc.sty"
Package: calc 2014/10/28 v4.3 Infix arithmetic (KKT,FJ)
\calc@Acount=\count113
\calc@Bcount=\count114
\calc@Adimen=\dimen129
\calc@Bdimen=\dimen130
\calc@Askip=\skip46
\calc@Bskip=\skip47
LaTeX Info: Redefining \setlength on input line 80.
LaTeX Info: Redefining \addtolength on input line 81.
\calc@Ccount=\count115
\calc@Cskip=\skip48
)
("C:\Program Files\MiKTeX 2.9\tex\latex\eso-pic\eso-pic.sty"
Package: eso-pic 2015/07/21 v2.0g eso-pic (RN)

("C:\Program Files\MiKTeX 2.9\tex\latex\xcolor\xcolor.sty"
Package: xcolor 2016/05/11 v2.12 LaTeX color extensions (UK)

("C:\Program Files\MiKTeX 2.9\tex\latex\graphics-cfg\color.cfg"
File: color.cfg 2016/01/02 v1.6 sample color configuration
)
Package xcolor Info: Driver file: pdftex.def on input line 225.
Package xcolor Info: Model `cmy' substituted by `cmy0' on input line 1348.
Package xcolor Info: Model `hsb' substituted by `rgb' on input line 1352.
Package xcolor Info: Model `RGB' extended on input line 1364.
Package xcolor Info: Model `HTML' substituted by `rgb' on input line 1366.
Package xcolor Info: Model `Hsb' substituted by `hsb' on input line 1367.
Package xcolor Info: Model `tHsb' substituted by `hsb' on input line 1368.
Package xcolor Info: Model `HSB' substituted by `hsb' on input line 1369.
Package xcolor Info: Model `Gray' substituted by `gray' on input line 1370.
Package xcolor Info: Model `wave' substituted by `hsb' on input line 1371.
))
\AM@pagewidth=\dimen131
\AM@pageheight=\dimen132

("C:\Program Files\MiKTeX 2.9\tex\latex\pdfpages\pppdftex.def"
File: pppdftex.def 2017/10/31 v0.5l Pdfpages driver for pdfTeX (AM)
)
\AM@pagebox=\box28
\AM@global@opts=\toks21
\AM@toc@title=\toks22
\c@AM@survey=\count116
\AM@templatesizebox=\box29
)
("C:\Program Files\MiKTeX 2.9\tex\latex\pslatex\pslatex.sty"
Package: pslatex 1996/07/24 v1.2 pslatex emulation (DPC)
LaTeX Font Info:    Redeclaring symbol font `operators' on input line 65.
LaTeX Font Info:    Overwriting symbol font `operators' in version `normal'
(Font)                  OT1/cmr/m/n --> OT1/ptmcm/m/n on input line 65.
LaTeX Font Info:    Overwriting symbol font `operators' in version `bold'
(Font)                  OT1/cmr/bx/n --> OT1/ptmcm/m/n on input line 65.
LaTeX Font Info:    Redeclaring symbol font `letters' on input line 66.
LaTeX Font Info:    Overwriting symbol font `letters' in version `normal'
(Font)                  OML/cmm/m/it --> OML/ptmcm/m/it on input line 66.
LaTeX Font Info:    Overwriting symbol font `letters' in version `bold'
(Font)                  OML/cmm/b/it --> OML/ptmcm/m/it on input line 66.
LaTeX Font Info:    Redeclaring symbol font `symbols' on input line 67.
LaTeX Font Info:    Overwriting symbol font `symbols' in version `normal'
(Font)                  OMS/cmsy/m/n --> OMS/pzccm/m/n on input line 67.
LaTeX Font Info:    Overwriting symbol font `symbols' in version `bold'
(Font)                  OMS/cmsy/b/n --> OMS/pzccm/m/n on input line 67.
LaTeX Font Info:    Redeclaring symbol font `largesymbols' on input line 68.
LaTeX Font Info:    Overwriting symbol font `largesymbols' in version `normal'
(Font)                  OMX/cmex/m/n --> OMX/psycm/m/n on input line 68.
LaTeX Font Info:    Overwriting symbol font `largesymbols' in version `bold'
(Font)                  OMX/cmex/m/n --> OMX/psycm/m/n on input line 68.
\symbold=\mathgroup4
\symitalic=\mathgroup5
LaTeX Font Info:    Redeclaring math alphabet \mathbf on input line 74.
LaTeX Font Info:    Overwriting math alphabet `\mathbf' in version `normal'
(Font)                  OT1/cmr/bx/n --> OT1/ptm/bx/n on input line 74.
LaTeX Font Info:    Overwriting math alphabet `\mathbf' in version `bold'
(Font)                  OT1/cmr/bx/n --> OT1/ptm/bx/n on input line 74.
LaTeX Font Info:    Redeclaring math alphabet \mathit on input line 75.
LaTeX Font Info:    Overwriting math alphabet `\mathit' in version `normal'
(Font)                  OT1/cmr/m/it --> OT1/ptm/m/it on input line 75.
LaTeX Font Info:    Overwriting math alphabet `\mathit' in version `bold'
(Font)                  OT1/cmr/bx/it --> OT1/ptm/m/it on input line 75.
)
("C:\Program Files\MiKTeX 2.9\tex\latex\sectsty\sectsty.sty"
Package: sectsty 2002/02/25 v2.0.2 Commands to change all sectional heading sty
les
)
("C:\Program Files\MiKTeX 2.9\tex\latex\float\float.sty"
Package: float 2001/11/08 v1.3d Float enhancements (AL)
\c@float@type=\count117
\float@exts=\toks23
\float@box=\box30
\@float@everytoks=\toks24
\@floatcapt=\box31
)
("C:\Program Files\MiKTeX 2.9\tex\latex\tools\varioref.sty"
Package: varioref 2016/02/16 v1.5c package for extended references (FMi)
\c@vrcnt=\count118
)
("C:\Program Files\MiKTeX 2.9\tex\latex\graphics\rotating.sty"
Package: rotating 2016/08/11 v2.16d rotated objects in LaTeX
\c@r@tfl@t=\count119
\rotFPtop=\skip49
\rotFPbot=\skip50
\rot@float@box=\box32
\rot@mess@toks=\toks25
)
("C:\Program Files\MiKTeX 2.9\tex\latex\amsmath\amsmath.sty"
Package: amsmath 2017/09/02 v2.17a AMS math features
\@mathmargin=\skip51

For additional information on amsmath, use the `?' option.
("C:\Program Files\MiKTeX 2.9\tex\latex\amsmath\amstext.sty"
Package: amstext 2000/06/29 v2.01 AMS text

("C:\Program Files\MiKTeX 2.9\tex\latex\amsmath\amsgen.sty"
File: amsgen.sty 1999/11/30 v2.0 generic functions
\@emptytoks=\toks26
\ex@=\dimen133
))
("C:\Program Files\MiKTeX 2.9\tex\latex\amsmath\amsbsy.sty"
Package: amsbsy 1999/11/29 v1.2d Bold Symbols
\pmbraise@=\dimen134
)
("C:\Program Files\MiKTeX 2.9\tex\latex\amsmath\amsopn.sty"
Package: amsopn 2016/03/08 v2.02 operator names
)
\inf@bad=\count120
LaTeX Info: Redefining \frac on input line 213.
\uproot@=\count121
\leftroot@=\count122
LaTeX Info: Redefining \overline on input line 375.
\classnum@=\count123
\DOTSCASE@=\count124
LaTeX Info: Redefining \ldots on input line 472.
LaTeX Info: Redefining \dots on input line 475.
LaTeX Info: Redefining \cdots on input line 596.
\Mathstrutbox@=\box33
\strutbox@=\box34
\big@size=\dimen135
LaTeX Font Info:    Redeclaring font encoding OML on input line 712.
LaTeX Font Info:    Redeclaring font encoding OMS on input line 713.
\macc@depth=\count125
\c@MaxMatrixCols=\count126
\dotsspace@=\muskip11
\c@parentequation=\count127
\dspbrk@lvl=\count128
\tag@help=\toks27
\row@=\count129
\column@=\count130
\maxfields@=\count131
\andhelp@=\toks28
\eqnshift@=\dimen136
\alignsep@=\dimen137
\tagshift@=\dimen138
\tagwidth@=\dimen139
\totwidth@=\dimen140
\lineht@=\dimen141
\@envbody=\toks29
\multlinegap=\skip52
\multlinetaggap=\skip53
\mathdisplay@stack=\toks30
LaTeX Info: Redefining \[ on input line 2817.
LaTeX Info: Redefining \] on input line 2818.
)
("C:\Program Files\MiKTeX 2.9\tex\latex\booktabs\booktabs.sty"
Package: booktabs 2005/04/14 v1.61803 publication quality tables
\heavyrulewidth=\dimen142
\lightrulewidth=\dimen143
\cmidrulewidth=\dimen144
\belowrulesep=\dimen145
\belowbottomsep=\dimen146
\aboverulesep=\dimen147
\abovetopsep=\dimen148
\cmidrulesep=\dimen149
\cmidrulekern=\dimen150
\defaultaddspace=\dimen151
\@cmidla=\count132
\@cmidlb=\count133
\@aboverulesep=\dimen152
\@belowrulesep=\dimen153
\@thisruleclass=\count134
\@lastruleclass=\count135
\@thisrulewidth=\dimen154
)
("C:\Program Files\MiKTeX 2.9\tex\latex\slashbox\slashbox.sty"
slashbox style by K.Yasuoka, May 1993.
\@slashboxa=\box35
\@slashboxb=\box36
\@slashboxc=\box37
\@slashboxwd=\count136
\@slashboxht=\count137
\@slashsepl=\dimen155
\@slashsepr=\dimen156
) (fiiw_gent.sty (parallel.sty
Package: parallel 2003/04/13, setting two texts parallel (me)

`parallel': setting two texts parallel, (beta 4) 2003/04/13.
\ParallelLWidth=\dimen157
\ParallelRWidth=\dimen158
\ParallelTextWidth=\dimen159
\ParallelLeftMargin=\dimen160
\ParallelUserMidSkip=\dimen161
\ParallelMainMidSkip=\dimen162
\ParallelLBox=\box38
\ParallelRBox=\box39
\ParallelBoxVar=\box40
\ParallelLTok=\box41
\ParallelRTok=\box42
\ParallelBoolVar=\count138
\ParallelBoolMid=\count139
\ParallelWhichBox=\count140
\ParallelMainMode=\count141
\ParallelFNMode=\count142
\ParallelLFNCounter=\count143
\ParallelRFNCounter=\count144
\ParallelMaxFN=\count145
\ParallelFNNumMode=\count146
)
("C:\Program Files\MiKTeX 2.9\tex\latex\textpos\textpos.sty"
Package: textpos 2016/06/07 v1.8

Package: textpos 2016/06/07 1.8, absolute positioning of text on the page
\TP@textbox=\box43
\TPHorizModule=\dimen163
\TPVertModule=\dimen164
\TP@margin=\dimen165
\TP@absmargin=\dimen166
Grid set 16 x 16 = 37.34424pt x 52.81541pt
\TPboxrulesize=\dimen167
\TP@tbargs=\toks31
\TP@prevdepth=\dimen168
) ("C:\Program Files\MiKTeX 2.9\tex\latex\fancyhdr\fancyhdr.sty"
Package: fancyhdr 2017/06/30 v3.9a Extensive control of page headers and footer
s
\f@nch@headwidth=\skip54
\f@nch@O@elh=\skip55
\f@nch@O@erh=\skip56
\f@nch@O@olh=\skip57
\f@nch@O@orh=\skip58
\f@nch@O@elf=\skip59
\f@nch@O@erf=\skip60
\f@nch@O@olf=\skip61
\f@nch@O@orf=\skip62
)

Package Fancyhdr Warning: \fancyhead's `E' option without twoside option is use
less on input line 32.


Package Fancyhdr Warning: \fancyhead's `E' option without twoside option is use
less on input line 33.

) (VerslagBachelorProef.aux)
\openout1 = `VerslagBachelorProef.aux'.

LaTeX Font Info:    Checking defaults for OML/cmm/m/it on input line 79.
LaTeX Font Info:    ... okay on input line 79.
LaTeX Font Info:    Checking defaults for T1/cmr/m/n on input line 79.
LaTeX Font Info:    ... okay on input line 79.
LaTeX Font Info:    Checking defaults for OT1/cmr/m/n on input line 79.
LaTeX Font Info:    ... okay on input line 79.
LaTeX Font Info:    Checking defaults for OMS/pzccm/m/n on input line 79.
LaTeX Font Info:    Try loading font information for OMS+pzccm on input line 79
.

("C:\Program Files\MiKTeX 2.9\tex\latex\psnfss\omspzccm.fd"
File: omspzccm.fd 2000/01/03 Fontinst v1.801 font definitions for OMS/pzccm.
)
LaTeX Font Info:    ... okay on input line 79.
LaTeX Font Info:    Checking defaults for OMX/cmex/m/n on input line 79.
LaTeX Font Info:    ... okay on input line 79.
LaTeX Font Info:    Checking defaults for U/cmr/m/n on input line 79.
LaTeX Font Info:    ... okay on input line 79.
LaTeX Font Info:    Checking defaults for PD1/pdf/m/n on input line 79.
LaTeX Font Info:    ... okay on input line 79.
LaTeX Font Info:    Font shape `OT1/phv/m/n' will be
(Font)              scaled to size 9.85492pt on input line 79.

*geometry* driver: auto-detecting
*geometry* detected driver: pdftex
*geometry* verbose mode - [ preamble ] result:
* driver: pdftex
* paper: a4paper
* layout: <same size as paper>
* layoutoffset:(h,v)=(0.0pt,0.0pt)
* modes: 
* h-part:(L,W,R)=(99.58464pt, 426.79135pt, 71.13188pt)
* v-part:(T,H,B)=(99.58464pt, 645.87756pt, 99.58464pt)
* \paperwidth=597.50787pt
* \paperheight=845.04684pt
* \textwidth=426.79135pt
* \textheight=645.87756pt
* \oddsidemargin=27.31465pt
* \evensidemargin=27.31465pt
* \topmargin=-9.68535pt
* \headheight=14.0pt
* \headsep=25.0pt
* \topskip=11.0pt
* \footskip=30.0pt
* \marginparwidth=50.0pt
* \marginparsep=10.0pt
* \columnsep=10.0pt
* \skip\footins=10.0pt plus 4.0pt minus 2.0pt
* \hoffset=0.0pt
* \voffset=0.0pt
* \mag=1000
* \@twocolumnfalse
* \@twosidefalse
* \@mparswitchfalse
* \@reversemarginfalse
* (1in=72.27pt=25.4mm, 1cm=28.453pt)

("C:\Program Files\MiKTeX 2.9\tex\context\base\supp-pdf.mkii"
[Loading MPS to PDF converter (version 2006.09.02).]
\scratchcounter=\count147
\scratchdimen=\dimen169
\scratchbox=\box44
\nofMPsegments=\count148
\nofMParguments=\count149
\everyMPshowfont=\toks32
\MPscratchCnt=\count150
\MPscratchDim=\dimen170
\MPnumerator=\count151
\makeMPintoPDFobject=\count152
\everyMPtoPDFconversion=\toks33
) ("C:\Program Files\MiKTeX 2.9\tex\latex\oberdiek\epstopdf-base.sty"
Package: epstopdf-base 2016/05/15 v2.6 Base part for package epstopdf

("C:\Program Files\MiKTeX 2.9\tex\latex\oberdiek\grfext.sty"
Package: grfext 2016/05/16 v1.2 Manage graphics extensions (HO)
)
Package epstopdf-base Info: Redefining graphics rule for `.eps' on input line 4
38.
Package grfext Info: Graphics extension search list:
(grfext)             [.pdf,.png,.jpg,.mps,.jpeg,.jbig2,.jb2,.PDF,.PNG,.JPG,.JPE
G,.JBIG2,.JB2,.eps]
(grfext)             \AppendGraphicsExtensions on input line 456.
)
\c@lstlisting=\count153
\AtBeginShipoutBox=\box45
Package hyperref Info: Link coloring OFF on input line 79.

("C:\Program Files\MiKTeX 2.9\tex\latex\hyperref\nameref.sty"
Package: nameref 2016/05/21 v2.44 Cross-referencing by name of section

("C:\Program Files\MiKTeX 2.9\tex\generic\oberdiek\gettitlestring.sty"
Package: gettitlestring 2016/05/16 v1.5 Cleanup title references (HO)
)
\c@section@level=\count154
LaTeX Info: Redefining \Ref on input line 515.
)
LaTeX Info: Redefining \ref on input line 79.
LaTeX Info: Redefining \pageref on input line 79.
LaTeX Info: Redefining \nameref on input line 79.

(VerslagBachelorProef.out) (VerslagBachelorProef.out)
\@outlinefile=\write3
\openout3 = `VerslagBachelorProef.out'.

LaTeX Info: Redefining \Ref on input line 79.
Package caption Info: Begin \AtBeginDocument code.
Package caption Info: float package is loaded.
Package caption Info: rotating package is loaded.
Package caption Info: End \AtBeginDocument code.

("C:\Program Files\MiKTeX 2.9\tex\latex\oberdiek\pdflscape.sty"
Package: pdflscape 2016/05/14 v0.11 Display of landscape pages in PDF (HO)

("C:\Program Files\MiKTeX 2.9\tex\latex\graphics\lscape.sty"
Package: lscape 2000/10/22 v3.01 Landscape Pages (DPC)
)
Package pdflscape Info: Auto-detected driver: pdftex on input line 81.
)
<cover_fiiw_gent.pdf, id=175, 597.432pt x 845.07718pt>
File: cover_fiiw_gent.pdf Graphic file (type pdf)
<use cover_fiiw_gent.pdf>
Package pdftex.def Info: cover_fiiw_gent.pdf  used on input line 81.
(pdftex.def)             Requested size: 597.50787pt x 845.25565pt.
LaTeX Font Info:    Font shape `OT1/phv/m/n' will be
(Font)              scaled to size 35.99976pt on input line 81.
LaTeX Font Info:    Font shape `OT1/phv/m/n' will be
(Font)              scaled to size 15.55188pt on input line 81.

Underfull \hbox (badness 10000) in paragraph at lines 81--81

 []


Underfull \hbox (badness 10000) in paragraph at lines 81--81

 []

LaTeX Font Info:    Font shape `OT1/phv/bx/n' in size <17.28> not available
(Font)              Font shape `OT1/phv/b/n' tried instead on input line 81.
LaTeX Font Info:    Font shape `OT1/phv/b/n' will be
(Font)              scaled to size 15.55188pt on input line 81.
LaTeX Font Info:    Font shape `OT1/phv/m/n' will be
(Font)              scaled to size 10.79993pt on input line 81.
Package babel Info: Redefining dutch shorthand "|
(babel)             in language  on input line 81.
Package babel Info: Redefining dutch shorthand "~
(babel)             in language  on input line 81.
Package babel Info: Redefining dutch shorthand "|
(babel)             in language  on input line 81.
Package babel Info: Redefining dutch shorthand "~
(babel)             in language  on input line 81.
[1

{C:/ProgramData/MiKTeX/2.9/pdftex/config/pdftex.map} <./cover_fiiw_gent.pdf>]
LaTeX Font Info:    Try loading font information for OMS+phv on input line 81.
("C:\Program Files\MiKTeX 2.9\tex\latex\psnfss\omsphv.fd"
File: omsphv.fd 
)
LaTeX Font Info:    Font shape `OMS/phv/m/n' in size <10.95> not available
(Font)              Font shape `OMS/cmsy/m/n' tried instead on input line 81.

Underfull \hbox (badness 10000) in paragraph at lines 81--81

 []


Underfull \hbox (badness 10000) in paragraph at lines 81--81

 []

Package babel Info: Redefining dutch shorthand "|
(babel)             in language  on input line 81.
Package babel Info: Redefining dutch shorthand "~
(babel)             in language  on input line 81.
Package babel Info: Redefining dutch shorthand "|
(babel)             in language  on input line 81.
Package babel Info: Redefining dutch shorthand "~
(babel)             in language  on input line 81.
[2

]
LaTeX Font Info:    Font shape `OT1/phv/m/n' will be
(Font)              scaled to size 22.39185pt on input line 82.
LaTeX Font Info:    Font shape `OT1/phv/bx/n' in size <24.88> not available
(Font)              Font shape `OT1/phv/b/n' tried instead on input line 82.
LaTeX Font Info:    Font shape `OT1/phv/b/n' will be
(Font)              scaled to size 22.39185pt on input line 82.
 (VerslagBachelorProef.toc
LaTeX Font Info:    Font shape `OT1/phv/bx/n' in size <10.95> not available
(Font)              Font shape `OT1/phv/b/n' tried instead on input line 3.
LaTeX Font Info:    Font shape `OT1/phv/b/n' will be
(Font)              scaled to size 9.85492pt on input line 3.
LaTeX Font Info:    Try loading font information for OT1+ptmcm on input line 4.


("C:\Program Files\MiKTeX 2.9\tex\latex\psnfss\ot1ptmcm.fd"
File: ot1ptmcm.fd 2000/01/03 Fontinst v1.801 font definitions for OT1/ptmcm.
)
LaTeX Font Info:    Try loading font information for OML+ptmcm on input line 4.


("C:\Program Files\MiKTeX 2.9\tex\latex\psnfss\omlptmcm.fd"
File: omlptmcm.fd 2000/01/03 Fontinst v1.801 font definitions for OML/ptmcm.
)
LaTeX Font Info:    Try loading font information for OMX+psycm on input line 4.


("C:\Program Files\MiKTeX 2.9\tex\latex\psnfss\omxpsycm.fd"
File: omxpsycm.fd 2000/01/03 Fontinst v1.801 font definitions for OMX/psycm.
)
LaTeX Font Info:    Font shape `OT1/ptm/bx/n' in size <10.95> not available
(Font)              Font shape `OT1/ptm/b/n' tried instead on input line 4.
LaTeX Font Info:    Font shape `OT1/ptm/bx/n' in size <8> not available
(Font)              Font shape `OT1/ptm/b/n' tried instead on input line 4.
LaTeX Font Info:    Font shape `OT1/ptm/bx/n' in size <6> not available
(Font)              Font shape `OT1/ptm/b/n' tried instead on input line 4.
LaTeX Font Info:    Font shape `OT1/phv/m/n' will be
(Font)              scaled to size 7.19995pt on input line 34.
LaTeX Font Info:    Font shape `OT1/phv/bx/n' in size <8> not available
(Font)              Font shape `OT1/phv/b/n' tried instead on input line 34.
LaTeX Font Info:    Font shape `OT1/phv/b/n' will be
(Font)              scaled to size 7.19995pt on input line 34.
Package babel Info: Redefining dutch shorthand "|
(babel)             in language  on input line 34.
Package babel Info: Redefining dutch shorthand "~
(babel)             in language  on input line 34.
Package babel Info: Redefining dutch shorthand "|
(babel)             in language  on input line 34.
Package babel Info: Redefining dutch shorthand "~
(babel)             in language  on input line 34.
 [1



])
\tf@toc=\write4
\openout4 = `VerslagBachelorProef.toc'.

Package babel Info: Redefining dutch shorthand "|
(babel)             in language  on input line 84.
Package babel Info: Redefining dutch shorthand "~
(babel)             in language  on input line 84.
Package babel Info: Redefining dutch shorthand "|
(babel)             in language  on input line 84.
Package babel Info: Redefining dutch shorthand "~
(babel)             in language  on input line 84.
 [2]
Hoofdstuk 1.
Package babel Info: Redefining dutch shorthand "|
(babel)             in language  on input line 84.
Package babel Info: Redefining dutch shorthand "~
(babel)             in language  on input line 84.
LaTeX Font Info:    Font shape `OT1/phv/m/n' will be
(Font)              scaled to size 18.66588pt on input line 84.
LaTeX Font Info:    Font shape `OT1/phv/bx/n' in size <20.74> not available
(Font)              Font shape `OT1/phv/b/n' tried instead on input line 84.
LaTeX Font Info:    Font shape `OT1/phv/b/n' will be
(Font)              scaled to size 18.66588pt on input line 84.
(inleiding.tex
LaTeX Font Info:    Font shape `OT1/phv/m/n' will be
(Font)              scaled to size 12.9599pt on input line 1.
LaTeX Font Info:    Font shape `OT1/phv/bx/n' in size <14.4> not available
(Font)              Font shape `OT1/phv/b/n' tried instead on input line 1.
LaTeX Font Info:    Font shape `OT1/phv/b/n' will be
(Font)              scaled to size 12.9599pt on input line 1.
Package babel Info: Redefining dutch shorthand "|
(babel)             in language  on input line 1.
Package babel Info: Redefining dutch shorthand "~
(babel)             in language  on input line 1.
<parcoursvoorbeeld.png, id=258, 1150.89975pt x 584.78474pt>
File: parcoursvoorbeeld.png Graphic file (type png)
<use parcoursvoorbeeld.png>
Package pdftex.def Info: parcoursvoorbeeld.png  used on input line 5.
(pdftex.def)             Requested size: 426.79135pt x 216.85773pt.
LaTeX Font Info:    Font shape `OT1/phv/m/n' will be
(Font)              scaled to size 8.99994pt on input line 6.
LaTeX Font Info:    Font shape `OT1/phv/bx/n' in size <10> not available
(Font)              Font shape `OT1/phv/b/n' tried instead on input line 6.
LaTeX Font Info:    Font shape `OT1/phv/b/n' will be
(Font)              scaled to size 8.99994pt on input line 6.

Underfull \hbox (badness 10000) in paragraph at lines 2--8

 []

LaTeX Font Info:    Font shape `OT1/phv/bx/n' in size <12> not available
(Font)              Font shape `OT1/phv/b/n' tried instead on input line 9.
LaTeX Font Info:    Font shape `OT1/phv/b/n' will be
(Font)              scaled to size 10.79993pt on input line 9.
Package babel Info: Redefining dutch shorthand "|
(babel)             in language  on input line 9.
Package babel Info: Redefining dutch shorthand "~
(babel)             in language  on input line 9.

Underfull \hbox (badness 10000) in paragraph at lines 10--13

 []

Package babel Info: Redefining dutch shorthand "|
(babel)             in language  on input line 13.
Package babel Info: Redefining dutch shorthand "~
(babel)             in language  on input line 13.
Package babel Info: Redefining dutch shorthand "|
(babel)             in language  on input line 13.
Package babel Info: Redefining dutch shorthand "~
(babel)             in language  on input line 13.
[3

 <./parcoursvoorbeeld.png>]
Package babel Info: Redefining dutch shorthand "|
(babel)             in language  on input line 13.
Package babel Info: Redefining dutch shorthand "~
(babel)             in language  on input line 13.
Package babel Info: Redefining dutch shorthand "|
(babel)             in language  on input line 18.
Package babel Info: Redefining dutch shorthand "~
(babel)             in language  on input line 18.
Package babel Info: Redefining dutch shorthand "|
(babel)             in language  on input line 27.
Package babel Info: Redefining dutch shorthand "~
(babel)             in language  on input line 27.
)
Package babel Info: Redefining dutch shorthand "|
(babel)             in language  on input line 86.
Package babel Info: Redefining dutch shorthand "~
(babel)             in language  on input line 86.
Package babel Info: Redefining dutch shorthand "|
(babel)             in language  on input line 86.
Package babel Info: Redefining dutch shorthand "~
(babel)             in language  on input line 86.
 [4]
Hoofdstuk 2.
Package babel Info: Redefining dutch shorthand "|
(babel)             in language  on input line 86.
Package babel Info: Redefining dutch shorthand "~
(babel)             in language  on input line 86.
(taakverdeling.tex)
Package babel Info: Redefining dutch shorthand "|
(babel)             in language  on input line 88.
Package babel Info: Redefining dutch shorthand "~
(babel)             in language  on input line 88.
Package babel Info: Redefining dutch shorthand "|
(babel)             in language  on input line 88.
Package babel Info: Redefining dutch shorthand "~
(babel)             in language  on input line 88.
 [5

]
Hoofdstuk 3.
Package babel Info: Redefining dutch shorthand "|
(babel)             in language  on input line 88.
Package babel Info: Redefining dutch shorthand "~
(babel)             in language  on input line 88.
(onkosten.tex
Overfull \hbox (38.01642pt too wide) in paragraph at lines 7--14
 [][] 
 []

)
Package babel Info: Redefining dutch shorthand "|
(babel)             in language  on input line 90.
Package babel Info: Redefining dutch shorthand "~
(babel)             in language  on input line 90.
Package babel Info: Redefining dutch shorthand "|
(babel)             in language  on input line 90.
Package babel Info: Redefining dutch shorthand "~
(babel)             in language  on input line 90.
 [6

]
Hoofdstuk 4.
Package babel Info: Redefining dutch shorthand "|
(babel)             in language  on input line 90.
Package babel Info: Redefining dutch shorthand "~
(babel)             in language  on input line 90.
(hardware.tex
Package babel Info: Redefining dutch shorthand "|
(babel)             in language  on input line 3.
Package babel Info: Redefining dutch shorthand "~
(babel)             in language  on input line 3.
Package babel Info: Redefining dutch shorthand "|
(babel)             in language  on input line 5.
Package babel Info: Redefining dutch shorthand "~
(babel)             in language  on input line 5.
<arduino-uno-r3-schematic.png, id=283, 1167.36125pt x 646.415pt>
File: arduino-uno-r3-schematic.png Graphic file (type png)
<use arduino-uno-r3-schematic.png>
Package pdftex.def Info: arduino-uno-r3-schematic.png  used on input line 11.
(pdftex.def)             Requested size: 645.87756pt x 357.65987pt.
Package babel Info: Redefining dutch shorthand "|
(babel)             in language  on input line 14.
Package babel Info: Redefining dutch shorthand "~
(babel)             in language  on input line 14.
Package babel Info: Redefining dutch shorthand "|
(babel)             in language  on input line 14.
Package babel Info: Redefining dutch shorthand "~
(babel)             in language  on input line 14.
 [7

]
Overfull \vbox (22.0pt too high) has occurred while \output is active []

Package babel Info: Redefining dutch shorthand "|
(babel)             in language  on input line 14.
Package babel Info: Redefining dutch shorthand "~
(babel)             in language  on input line 14.
Package babel Info: Redefining dutch shorthand "|
(babel)             in language  on input line 14.
Package babel Info: Redefining dutch shorthand "~
(babel)             in language  on input line 14.
 [8 <./arduino-uno-r3-schematic.png>]
<eigenschematic.png, id=296, 2211.462pt x 1488.762pt>
File: eigenschematic.png Graphic file (type png)
<use eigenschematic.png>
Package pdftex.def Info: eigenschematic.png  used on input line 17.
(pdftex.def)             Requested size: 645.87756pt x 434.79668pt.

Overfull \hbox (8.00533pt too wide) in paragraph at lines 17--18
 [][] 
 []


Overfull \vbox (22.0pt too high) has occurred while \output is active []

Package babel Info: Redefining dutch shorthand "|
(babel)             in language  on input line 20.
Package babel Info: Redefining dutch shorthand "~
(babel)             in language  on input line 20.
Package babel Info: Redefining dutch shorthand "|
(babel)             in language  on input line 20.
Package babel Info: Redefining dutch shorthand "~
(babel)             in language  on input line 20.
 [9 <./eigenschematic.png (PNG copy)>]
<topboard.png, id=303, 682.2288pt x 365.06674pt>
File: topboard.png Graphic file (type png)
<use topboard.png>
Package pdftex.def Info: topboard.png  used on input line 26.
(pdftex.def)             Requested size: 265.85995pt x 142.26378pt.
<bottomboard.png, id=304, 760.69337pt x 408.01578pt>
File: bottomboard.png Graphic file (type png)
<use bottomboard.png>
Package pdftex.def Info: bottomboard.png  used on input line 32.
(pdftex.def)             Requested size: 265.23685pt x 142.26378pt.
Package babel Info: Redefining dutch shorthand "|
(babel)             in language  on input line 35.
Package babel Info: Redefining dutch shorthand "~
(babel)             in language  on input line 35.
<eigenpcbarduino.png, id=307, 3035.34pt x 4047.12pt>
File: eigenpcbarduino.png Graphic file (type png)
<use eigenpcbarduino.png>
Package pdftex.def Info: eigenpcbarduino.png  used on input line 40.
(pdftex.def)             Requested size: 426.79135pt x 569.00136pt.
Package babel Info: Redefining dutch shorthand "|
(babel)             in language  on input line 43.
Package babel Info: Redefining dutch shorthand "~
(babel)             in language  on input line 43.
Package babel Info: Redefining dutch shorthand "|
(babel)             in language  on input line 43.
Package babel Info: Redefining dutch shorthand "~
(babel)             in language  on input line 43.
 [10 <./topboard.png (PNG copy)> <./bottomboard.png (PNG copy)>]
<eigenpcb2.png, id=318, 3035.34pt x 4047.12pt>
File: eigenpcb2.png Graphic file (type png)
<use eigenpcb2.png>
Package pdftex.def Info: eigenpcb2.png  used on input line 46.
(pdftex.def)             Requested size: 426.79135pt x 569.00136pt.
Package babel Info: Redefining dutch shorthand "|
(babel)             in language  on input line 49.
Package babel Info: Redefining dutch shorthand "~
(babel)             in language  on input line 49.
Package babel Info: Redefining dutch shorthand "|
(babel)             in language  on input line 49.
Package babel Info: Redefining dutch shorthand "~
(babel)             in language  on input line 49.
 [11 <./eigenpcbarduino.png>]
Package babel Info: Redefining dutch shorthand "|
(babel)             in language  on input line 53.
Package babel Info: Redefining dutch shorthand "~
(babel)             in language  on input line 53.
Package babel Info: Redefining dutch shorthand "|
(babel)             in language  on input line 54.
Package babel Info: Redefining dutch shorthand "~
(babel)             in language  on input line 54.
Package babel Info: Redefining dutch shorthand "|
(babel)             in language  on input line 56.
Package babel Info: Redefining dutch shorthand "~
(babel)             in language  on input line 56.
Package babel Info: Redefining dutch shorthand "|
(babel)             in language  on input line 56.
Package babel Info: Redefining dutch shorthand "~
(babel)             in language  on input line 56.
 [12 <./eigenpcb2.png>]
<tcrt5000.png, id=329, 385.44pt x 385.44pt>
File: tcrt5000.png Graphic file (type png)
<use tcrt5000.png>
Package pdftex.def Info: tcrt5000.png  used on input line 59.
(pdftex.def)             Requested size: 142.26357pt x 142.26378pt.
<tcrt5000cel.png, id=331, 550.4565pt x 389.0535pt>
File: tcrt5000cel.png Graphic file (type png)
<use tcrt5000cel.png>
Package pdftex.def Info: tcrt5000cel.png  used on input line 68.
(pdftex.def)             Requested size: 201.28032pt x 142.26378pt.
Package babel Info: Redefining dutch shorthand "|
(babel)             in language  on input line 71.
Package babel Info: Redefining dutch shorthand "~
(babel)             in language  on input line 71.
Package babel Info: Redefining dutch shorthand "|
(babel)             in language  on input line 71.
Package babel Info: Redefining dutch shorthand "~
(babel)             in language  on input line 71.
 [13 <./tcrt5000.png>]
<sensorarraypositionering.png, id=344, 472.76625pt x 399.29175pt>
File: sensorarraypositionering.png Graphic file (type png)
<use sensorarraypositionering.png>
Package pdftex.def Info: sensorarraypositionering.png  used on input line 77.
(pdftex.def)             Requested size: 168.44275pt x 142.26378pt.
<sensorarrayvooraanonderkant.png, id=345, 3035.34pt x 4047.12pt>
File: sensorarrayvooraanonderkant.png Graphic file (type png)
<use sensorarrayvooraanonderkant.png>
Package pdftex.def Info: sensorarrayvooraanonderkant.png  used on input line 85
.
(pdftex.def)             Requested size: 106.6646pt x 142.26378pt.
<sensorarrayachteraanonderkant.png, id=346, 3035.34pt x 4047.12pt>
File: sensorarrayachteraanonderkant.png Graphic file (type png)
<use sensorarrayachteraanonderkant.png>
Package pdftex.def Info: sensorarrayachteraanonderkant.png  used on input line 
92.
(pdftex.def)             Requested size: 106.6646pt x 142.26378pt.
Package babel Info: Redefining dutch shorthand "|
(babel)             in language  on input line 97.
Package babel Info: Redefining dutch shorthand "~
(babel)             in language  on input line 97.
Package babel Info: Redefining dutch shorthand "|
(babel)             in language  on input line 97.
Package babel Info: Redefining dutch shorthand "~
(babel)             in language  on input line 97.
 [14 <./tcrt5000cel.png> <./sensorarraypositionering.png>]
Package babel Info: Redefining dutch shorthand "|
(babel)             in language  on input line 98.
Package babel Info: Redefining dutch shorthand "~
(babel)             in language  on input line 98.
<cd4051be_pinout.png, id=356, 251.7405pt x 181.8795pt>
File: cd4051be_pinout.png Graphic file (type png)
<use cd4051be_pinout.png>
Package pdftex.def Info: cd4051be_pinout.png  used on input line 104.
(pdftex.def)             Requested size: 196.90993pt x 142.26378pt.

Overfull \hbox (26.196pt too wide) in paragraph at lines 104--105
[][] 
 []


Underfull \hbox (badness 2478) in paragraph at lines 105--105
[][]|\OT1/phv/m/n/10 CD4051BE mul-ti-plexer pin-
 []

<muxvooraan.png, id=357, 3035.34pt x 4047.12pt>
File: muxvooraan.png Graphic file (type png)
<use muxvooraan.png>
Package pdftex.def Info: muxvooraan.png  used on input line 110.
(pdftex.def)             Requested size: 106.6646pt x 142.26378pt.
Package babel Info: Redefining dutch shorthand "|
(babel)             in language  on input line 115.
Package babel Info: Redefining dutch shorthand "~
(babel)             in language  on input line 115.
<wielmagneten.png, id=360, 3035.34pt x 4047.12pt>
File: wielmagneten.png Graphic file (type png)
<use wielmagneten.png>
Package pdftex.def Info: wielmagneten.png  used on input line 122.
(pdftex.def)             Requested size: 106.6646pt x 142.26378pt.

Underfull \hbox (badness 10000) in paragraph at lines 123--123
[][]|\OT1/phv/m/n/10 Mag-ne-ten ge-mon-teerd in
 []

<hallsensor.png, id=361, 722.7pt x 963.6pt>
File: hallsensor.png Graphic file (type png)
<use hallsensor.png>
Package pdftex.def Info: hallsensor.png  used on input line 128.
(pdftex.def)             Requested size: 106.69106pt x 142.26378pt.

Underfull \hbox (badness 10000) in paragraph at lines 129--129
[][]|\OT1/phv/m/n/10 Hall-sensor ge-mon-teerd
 []

Package babel Info: Redefining dutch shorthand "|
(babel)             in language  on input line 131.
Package babel Info: Redefining dutch shorthand "~
(babel)             in language  on input line 131.
Package babel Info: Redefining dutch shorthand "|
(babel)             in language  on input line 131.
Package babel Info: Redefining dutch shorthand "~
(babel)             in language  on input line 131.
[15 <./sensorarrayvooraanonderkant.png> <./sensorarrayachteraanonderkant.png> <
./cd4051be_pinout.png> <./muxvooraan.png>]
Package babel Info: Redefining dutch shorthand "|
(babel)             in language  on input line 133.
Package babel Info: Redefining dutch shorthand "~
(babel)             in language  on input line 133.
<rfidlezer.png, id=371, 582.175pt x 514.92375pt>
File: rfidlezer.png Graphic file (type png)
<use rfidlezer.png>
Package pdftex.def Info: rfidlezer.png  used on input line 146.
(pdftex.def)             Requested size: 160.84036pt x 142.26378pt.
<rfidlezermontage.png, id=372, 2055.68pt x 1541.76pt>
File: rfidlezermontage.png Graphic file (type png)
<use rfidlezermontage.png>
Package pdftex.def Info: rfidlezermontage.png  used on input line 152.
(pdftex.def)             Requested size: 189.67691pt x 142.26378pt.

Overfull \hbox (18.96298pt too wide) in paragraph at lines 152--153
 [][] 
 []

Package babel Info: Redefining dutch shorthand "|
(babel)             in language  on input line 156.
Package babel Info: Redefining dutch shorthand "~
(babel)             in language  on input line 156.
Package babel Info: Redefining dutch shorthand "|
(babel)             in language  on input line 160.
Package babel Info: Redefining dutch shorthand "~
(babel)             in language  on input line 160.
Package babel Info: Redefining dutch shorthand "|
(babel)             in language  on input line 160.
Package babel Info: Redefining dutch shorthand "~
(babel)             in language  on input line 160.
[16 <./wielmagneten.png> <./hallsensor.png> <./rfidlezer.png> <./rfidlezermonta
ge.png>]
<hc05.png, id=380, 225.84375pt x 225.84375pt>
File: hc05.png Graphic file (type png)
<use hc05.png>
Package pdftex.def Info: hc05.png  used on input line 173.
(pdftex.def)             Requested size: 142.27196pt x 142.26378pt.
<bluetoothenrfidlezer.png, id=381, 3035.34pt x 4047.12pt>
File: bluetoothenrfidlezer.png Graphic file (type png)
<use bluetoothenrfidlezer.png>
Package pdftex.def Info: bluetoothenrfidlezer.png  used on input line 179.
(pdftex.def)             Requested size: 106.6646pt x 142.26378pt.

Underfull \hbox (badness 1960) in paragraph at lines 180--180
[][]|\OT1/phv/m/n/10 HC05 Bluetooth-module op
 []

Package babel Info: Redefining dutch shorthand "|
(babel)             in language  on input line 184.
Package babel Info: Redefining dutch shorthand "~
(babel)             in language  on input line 184.
Package babel Info: Redefining dutch shorthand "|
(babel)             in language  on input line 210.
Package babel Info: Redefining dutch shorthand "~
(babel)             in language  on input line 210.
Package babel Info: Redefining dutch shorthand "|
(babel)             in language  on input line 210.
Package babel Info: Redefining dutch shorthand "~
(babel)             in language  on input line 210.
[17 <./hc05.png> <./bluetoothenrfidlezer.png>]
Package babel Info: Redefining dutch shorthand "|
(babel)             in language  on input line 211.
Package babel Info: Redefining dutch shorthand "~
(babel)             in language  on input line 211.
<rpi3.png, id=391, 1379.90532pt x 813.0375pt>
File: rpi3.png Graphic file (type png)
<use rpi3.png>
Package pdftex.def Info: rpi3.png  used on input line 215.
(pdftex.def)             Requested size: 241.44493pt x 142.26378pt.
)
Package babel Info: Redefining dutch shorthand "|
(babel)             in language  on input line 92.
Package babel Info: Redefining dutch shorthand "~
(babel)             in language  on input line 92.
Package babel Info: Redefining dutch shorthand "|
(babel)             in language  on input line 92.
Package babel Info: Redefining dutch shorthand "~
(babel)             in language  on input line 92.
 [18 <./rpi3.png>]
Hoofdstuk 5.
Package babel Info: Redefining dutch shorthand "|
(babel)             in language  on input line 92.
Package babel Info: Redefining dutch shorthand "~
(babel)             in language  on input line 92.
(software.tex
Package babel Info: Redefining dutch shorthand "|
(babel)             in language  on input line 3.
Package babel Info: Redefining dutch shorthand "~
(babel)             in language  on input line 3.
Package babel Info: Redefining dutch shorthand "|
(babel)             in language  on input line 24.
Package babel Info: Redefining dutch shorthand "~
(babel)             in language  on input line 24.
Package babel Info: Redefining dutch shorthand "|
(babel)             in language  on input line 25.
Package babel Info: Redefining dutch shorthand "~
(babel)             in language  on input line 25.
Package babel Info: Redefining dutch shorthand "|
(babel)             in language  on input line 27.
Package babel Info: Redefining dutch shorthand "~
(babel)             in language  on input line 27.
Package babel Info: Redefining dutch shorthand "|
(babel)             in language  on input line 27.
Package babel Info: Redefining dutch shorthand "~
(babel)             in language  on input line 27.
 [19

]
Package babel Info: Redefining dutch shorthand "|
(babel)             in language  on input line 27.
Package babel Info: Redefining dutch shorthand "~
(babel)             in language  on input line 27.
Package babel Info: Redefining dutch shorthand "|
(babel)             in language  on input line 60.
Package babel Info: Redefining dutch shorthand "~
(babel)             in language  on input line 60.
Package babel Info: Redefining dutch shorthand "|
(babel)             in language  on input line 60.
Package babel Info: Redefining dutch shorthand "~
(babel)             in language  on input line 60.
 [20]
Package babel Info: Redefining dutch shorthand "|
(babel)             in language  on input line 60.
Package babel Info: Redefining dutch shorthand "~
(babel)             in language  on input line 60.

Underfull \hbox (badness 10000) in paragraph at lines 75--76

 []

Package babel Info: Redefining dutch shorthand "|
(babel)             in language  on input line 80.
Package babel Info: Redefining dutch shorthand "~
(babel)             in language  on input line 80.
Package babel Info: Redefining dutch shorthand "|
(babel)             in language  on input line 87.
Package babel Info: Redefining dutch shorthand "~
(babel)             in language  on input line 87.
Package babel Info: Redefining dutch shorthand "|
(babel)             in language  on input line 87.
Package babel Info: Redefining dutch shorthand "~
(babel)             in language  on input line 87.
[21]
Package babel Info: Redefining dutch shorthand "|
(babel)             in language  on input line 90.
Package babel Info: Redefining dutch shorthand "~
(babel)             in language  on input line 90.
LaTeX Font Info:    Font shape `OT1/phv/m/n' will be
(Font)              scaled to size 8.09995pt on input line 91.
LaTeX Font Info:    Font shape `OT1/ptm/bx/n' in size <9> not available
(Font)              Font shape `OT1/ptm/b/n' tried instead on input line 91.
LaTeX Font Info:    Font shape `OT1/ptm/bx/n' in size <7> not available
(Font)              Font shape `OT1/ptm/b/n' tried instead on input line 91.
LaTeX Font Info:    Font shape `OT1/ptm/bx/n' in size <5> not available
(Font)              Font shape `OT1/ptm/b/n' tried instead on input line 91.
LaTeX Font Info:    Font shape `OT1/phv/m/n' will be
(Font)              scaled to size 6.29996pt on input line 91.
Package babel Info: Redefining dutch shorthand "|
(babel)             in language  on input line 93.
Package babel Info: Redefining dutch shorthand "~
(babel)             in language  on input line 93.
Package babel Info: Redefining dutch shorthand "|
(babel)             in language  on input line 94.
Package babel Info: Redefining dutch shorthand "~
(babel)             in language  on input line 94.
LaTeX Font Info:    Font shape `OT1/phv/m/it' in size <10.95> not available
(Font)              Font shape `OT1/phv/m/sl' tried instead on input line 95.
LaTeX Font Info:    Font shape `OT1/phv/m/sl' will be
(Font)              scaled to size 9.85492pt on input line 95.
Package babel Info: Redefining dutch shorthand "|
(babel)             in language  on input line 97.
Package babel Info: Redefining dutch shorthand "~
(babel)             in language  on input line 97.
 (robbiebt.sh)
Overfull \hbox (3.61642pt too wide) in paragraph at lines 100--102
\OT1/phv/m/n/10.95 Hierin is 98:D3:32:11:64:0C de hexa-de-ci-male voor-stel-lin
g van het adres van onze Bluetooth-module.
 []

Package babel Info: Redefining dutch shorthand "|
(babel)             in language  on input line 102.
Package babel Info: Redefining dutch shorthand "~
(babel)             in language  on input line 102.
Package babel Info: Redefining dutch shorthand "|
(babel)             in language  on input line 102.
Package babel Info: Redefining dutch shorthand "~
(babel)             in language  on input line 102.
[22]
<bluetoothoutputvoorbeeldbijgesneden.png, id=434, 577.55775pt x 357.13425pt>
File: bluetoothoutputvoorbeeldbijgesneden.png Graphic file (type png)
<use bluetoothoutputvoorbeeldbijgesneden.png>
Package pdftex.def Info: bluetoothoutputvoorbeeldbijgesneden.png  used on input
 line 105.
(pdftex.def)             Requested size: 426.79135pt x 263.91554pt.
Package babel Info: Redefining dutch shorthand "|
(babel)             in language  on input line 109.
Package babel Info: Redefining dutch shorthand "~
(babel)             in language  on input line 109.
)
Package babel Info: Redefining dutch shorthand "|
(babel)             in language  on input line 94.
Package babel Info: Redefining dutch shorthand "~
(babel)             in language  on input line 94.
Package babel Info: Redefining dutch shorthand "|
(babel)             in language  on input line 94.
Package babel Info: Redefining dutch shorthand "~
(babel)             in language  on input line 94.
 [23 <./bluetoothoutputvoorbeeldbijgesneden.png>]
Hoofdstuk 6.
Package babel Info: Redefining dutch shorthand "|
(babel)             in language  on input line 94.
Package babel Info: Redefining dutch shorthand "~
(babel)             in language  on input line 94.
(problemen.tex
Package babel Info: Redefining dutch shorthand "|
(babel)             in language  on input line 3.
Package babel Info: Redefining dutch shorthand "~
(babel)             in language  on input line 3.
Package babel Info: Redefining dutch shorthand "|
(babel)             in language  on input line 4.
Package babel Info: Redefining dutch shorthand "~
(babel)             in language  on input line 4.
Package babel Info: Redefining dutch shorthand "|
(babel)             in language  on input line 6.
Package babel Info: Redefining dutch shorthand "~
(babel)             in language  on input line 6.
Package babel Info: Redefining dutch shorthand "|
(babel)             in language  on input line 9.
Package babel Info: Redefining dutch shorthand "~
(babel)             in language  on input line 9.
Package babel Info: Redefining dutch shorthand "|
(babel)             in language  on input line 11.
Package babel Info: Redefining dutch shorthand "~
(babel)             in language  on input line 11.
Package babel Info: Redefining dutch shorthand "|
(babel)             in language  on input line 11.
Package babel Info: Redefining dutch shorthand "~
(babel)             in language  on input line 11.
 [24

]
Package babel Info: Redefining dutch shorthand "|
(babel)             in language  on input line 12.
Package babel Info: Redefining dutch shorthand "~
(babel)             in language  on input line 12.
Package babel Info: Redefining dutch shorthand "|
(babel)             in language  on input line 13.
Package babel Info: Redefining dutch shorthand "~
(babel)             in language  on input line 13.
Package babel Info: Redefining dutch shorthand "|
(babel)             in language  on input line 17.
Package babel Info: Redefining dutch shorthand "~
(babel)             in language  on input line 17.
Package babel Info: Redefining dutch shorthand "|
(babel)             in language  on input line 20.
Package babel Info: Redefining dutch shorthand "~
(babel)             in language  on input line 20.
)
Package babel Info: Redefining dutch shorthand "|
(babel)             in language  on input line 96.
Package babel Info: Redefining dutch shorthand "~
(babel)             in language  on input line 96.
Package babel Info: Redefining dutch shorthand "|
(babel)             in language  on input line 96.
Package babel Info: Redefining dutch shorthand "~
(babel)             in language  on input line 96.
 [25]
Hoofdstuk 7.
Package babel Info: Redefining dutch shorthand "|
(babel)             in language  on input line 96.
Package babel Info: Redefining dutch shorthand "~
(babel)             in language  on input line 96.
(evaluatiebert.tex)
Package babel Info: Redefining dutch shorthand "|
(babel)             in language  on input line 98.
Package babel Info: Redefining dutch shorthand "~
(babel)             in language  on input line 98.
Package babel Info: Redefining dutch shorthand "|
(babel)             in language  on input line 98.
Package babel Info: Redefining dutch shorthand "~
(babel)             in language  on input line 98.
 [26

]
Hoofdstuk 8.
Package babel Info: Redefining dutch shorthand "|
(babel)             in language  on input line 98.
Package babel Info: Redefining dutch shorthand "~
(babel)             in language  on input line 98.
(besluit.tex)
<back_fiiw_gent.pdf, id=455, 597.432pt x 845.07718pt>
File: back_fiiw_gent.pdf Graphic file (type pdf)
<use back_fiiw_gent.pdf>
Package pdftex.def Info: back_fiiw_gent.pdf  used on input line 101.
(pdftex.def)             Requested size: 597.43054pt x 845.07512pt.
File: back_fiiw_gent.pdf Graphic file (type pdf)
<use back_fiiw_gent.pdf>
Package pdftex.def Info: back_fiiw_gent.pdf  used on input line 101.
(pdftex.def)             Requested size: 597.43054pt x 845.07512pt.
<back_fiiw_gent.pdf, id=458, page=1, 597.432pt x 845.07718pt>
File: back_fiiw_gent.pdf Graphic file (type pdf)
<use back_fiiw_gent.pdf, page 1>
Package pdftex.def Info: back_fiiw_gent.pdf , page1 used on input line 101.
(pdftex.def)             Requested size: 597.43054pt x 845.07512pt.
File: back_fiiw_gent.pdf Graphic file (type pdf)
<use back_fiiw_gent.pdf, page 1>
Package pdftex.def Info: back_fiiw_gent.pdf , page1 used on input line 101.
(pdftex.def)             Requested size: 597.45789pt x 845.1138pt.
Package babel Info: Redefining dutch shorthand "|
(babel)             in language  on input line 101.
Package babel Info: Redefining dutch shorthand "~
(babel)             in language  on input line 101.
Package babel Info: Redefining dutch shorthand "|
(babel)             in language  on input line 101.
Package babel Info: Redefining dutch shorthand "~
(babel)             in language  on input line 101.
 [27

]
File: back_fiiw_gent.pdf Graphic file (type pdf)
<use back_fiiw_gent.pdf, page 1>
Package pdftex.def Info: back_fiiw_gent.pdf , page1 used on input line 101.
(pdftex.def)             Requested size: 597.45789pt x 845.1138pt.
File: back_fiiw_gent.pdf Graphic file (type pdf)
<use back_fiiw_gent.pdf, page 1>
Package pdftex.def Info: back_fiiw_gent.pdf , page1 used on input line 101.
(pdftex.def)             Requested size: 597.45789pt x 845.1138pt.
Package babel Info: Redefining dutch shorthand "|
(babel)             in language  on input line 101.
Package babel Info: Redefining dutch shorthand "~
(babel)             in language  on input line 101.
Package babel Info: Redefining dutch shorthand "|
(babel)             in language  on input line 101.
Package babel Info: Redefining dutch shorthand "~
(babel)             in language  on input line 101.
File: back_fiiw_gent.pdf Graphic file (type pdf)
<use back_fiiw_gent.pdf, page 1>
Package pdftex.def Info: back_fiiw_gent.pdf , page1 used on input line 101.
(pdftex.def)             Requested size: 597.45789pt x 845.1138pt.
 [28 <./back_fiiw_gent.pdf>]
Package atveryend Info: Empty hook `BeforeClearDocument' on input line 102.
Package atveryend Info: Empty hook `AfterLastShipout' on input line 102.
 (VerslagBachelorProef.aux)
Package atveryend Info: Executing hook `AtVeryEndDocument' on input line 102.
Package atveryend Info: Executing hook `AtEndAfterFileList' on input line 102.
Package rerunfilecheck Info: File `VerslagBachelorProef.out' has not changed.
(rerunfilecheck)             Checksum: 5FEA562DC5E01AE9C068E8057D5DA2E6;2897.
Package atveryend Info: Empty hook `AtVeryVeryEnd' on input line 102.
 ) 
Here is how much of TeX's memory you used:
 12149 strings out of 493303
 177572 string characters out of 3138839
 298574 words of memory out of 3000000
 15333 multiletter control sequences out of 15000+200000
 57882 words of font info for 104 fonts, out of 3000000 for 9000
 1141 hyphenation exceptions out of 8191
 37i,18n,51p,1492b,1001s stack positions out of 5000i,500n,10000p,200000b,50000s
{C:/Program Files/MiKTeX 2.9/fonts/enc/dvips/base/8r.enc}<C:/Program Files/Mi
KTeX 2.9/fonts/type1/public/amsfonts/cm/cmmi10.pfb><C:/Program Files/MiKTeX 2.9
/fonts/type1/public/amsfonts/cm/cmr10.pfb><C:/Program Files/MiKTeX 2.9/fonts/ty
pe1/public/amsfonts/cm/cmsy10.pfb><C:/Program Files/MiKTeX 2.9/fonts/type1/publ
ic/amsfonts/latxfont/line10.pfb><C:/Program Files/MiKTeX 2.9/fonts/type1/urw/co
urier/ucrr8a.pfb><C:/Program Files/MiKTeX 2.9/fonts/type1/urw/helvetic/uhvb8a.p
fb><C:/Program Files/MiKTeX 2.9/fonts/type1/urw/helvetic/uhvr8a.pfb><C:/Program
 Files/MiKTeX 2.9/fonts/type1/urw/helvetic/uhvro8a.pfb><C:/Program Files/MiKTeX
 2.9/fonts/type1/urw/symbol/usyr.pfb><C:/Program Files/MiKTeX 2.9/fonts/type1/u
rw/times/utmr8a.pfb><C:/Program Files/MiKTeX 2.9/fonts/type1/urw/times/utmri8a.
pfb>
Output written on VerslagBachelorProef.pdf (30 pages, 47891222 bytes).
PDF statistics:
 540 PDF objects out of 1000 (max. 8388607)
 108 named destinations out of 1000 (max. 500000)
 480 words of extra memory for PDF output out of 10000 (max. 10000000)

