\BOOKMARK [0][-]{chapter.1}{Inleiding}{}% 1
\BOOKMARK [1][-]{section.1.1}{Opdrachtbeschrijving}{chapter.1}% 2
\BOOKMARK [2][-]{subsection.1.1.1}{Hardware}{section.1.1}% 3
\BOOKMARK [2][-]{subsection.1.1.2}{Software}{section.1.1}% 4
\BOOKMARK [1][-]{section.1.2}{Doelstellingen}{chapter.1}% 5
\BOOKMARK [1][-]{section.1.3}{Structuur}{chapter.1}% 6
\BOOKMARK [0][-]{chapter.2}{Taakverdeling}{}% 7
\BOOKMARK [0][-]{chapter.3}{Onkosten}{}% 8
\BOOKMARK [0][-]{chapter.4}{Toelichting hardware}{}% 9
\BOOKMARK [1][-]{section.4.1}{PCB-ontwerp}{chapter.4}% 10
\BOOKMARK [2][-]{subsection.4.1.1}{Eagle-ontwerp}{section.4.1}% 11
\BOOKMARK [2][-]{subsection.4.1.2}{Maken van de PCB}{section.4.1}% 12
\BOOKMARK [1][-]{section.4.2}{Sensoren en toebehoren}{chapter.4}% 13
\BOOKMARK [2][-]{subsection.4.2.1}{Infrarood-sensoren}{section.4.2}% 14
\BOOKMARK [2][-]{subsection.4.2.2}{Multiplexers}{section.4.2}% 15
\BOOKMARK [2][-]{subsection.4.2.3}{Hall-sensor en magneten}{section.4.2}% 16
\BOOKMARK [2][-]{subsection.4.2.4}{RFID-reader}{section.4.2}% 17
\BOOKMARK [2][-]{subsection.4.2.5}{Bluetooth-module}{section.4.2}% 18
\BOOKMARK [2][-]{subsection.4.2.6}{Pintoewijzing}{section.4.2}% 19
\BOOKMARK [1][-]{section.4.3}{Raspberry Pi}{chapter.4}% 20
\BOOKMARK [0][-]{chapter.5}{Toelichting software}{}% 21
\BOOKMARK [1][-]{section.5.1}{IR-sensoren inlezen}{chapter.5}% 22
\BOOKMARK [1][-]{section.5.2}{Rijden en PID-regeling}{chapter.5}% 23
\BOOKMARK [2][-]{subsection.5.2.1}{Bijsturen van de motoren}{section.5.2}% 24
\BOOKMARK [2][-]{subsection.5.2.2}{Berekening van foutwaarde}{section.5.2}% 25
\BOOKMARK [2][-]{subsection.5.2.3}{PID-regeling}{section.5.2}% 26
\BOOKMARK [1][-]{section.5.3}{Snelheid meten}{chapter.5}% 27
\BOOKMARK [1][-]{section.5.4}{RFID-tags inlezen}{chapter.5}% 28
\BOOKMARK [1][-]{section.5.5}{Bluetooth-communicatie naar Raspberry Pi}{chapter.5}% 29
\BOOKMARK [2][-]{subsection.5.5.1}{Arduino met HC05-module als Slave}{section.5.5}% 30
\BOOKMARK [2][-]{subsection.5.5.2}{Raspberry Pi 3 met ingebouwde Bluetooth-adapter als Master}{section.5.5}% 31
\BOOKMARK [1][-]{section.5.6}{Overzicht Arduino-programma}{chapter.5}% 32
\BOOKMARK [1][-]{section.5.7}{Custom board progammeren}{chapter.5}% 33
\BOOKMARK [0][-]{chapter.6}{Problemen en moeilijkheden}{}% 34
\BOOKMARK [1][-]{section.6.1}{Rijden aan de hand van PID-regeling}{chapter.6}% 35
\BOOKMARK [2][-]{subsection.6.1.1}{Positionering van de sensoren}{section.6.1}% 36
\BOOKMARK [2][-]{subsection.6.1.2}{Bepalen van de PID-constanten}{section.6.1}% 37
\BOOKMARK [1][-]{section.6.2}{Bluetooth-communicatie}{chapter.6}% 38
\BOOKMARK [1][-]{section.6.3}{RFID-lezer}{chapter.6}% 39
\BOOKMARK [2][-]{subsection.6.3.1}{Libraries}{section.6.3}% 40
\BOOKMARK [2][-]{subsection.6.3.2}{Duur van het inlezen}{section.6.3}% 41
\BOOKMARK [1][-]{section.6.4}{Arduino PCB}{chapter.6}% 42
\BOOKMARK [0][-]{chapter.7}{Evaluatie coach}{}% 43
\BOOKMARK [0][-]{chapter.8}{Besluit}{}% 44
